{"/Users/kryst/Desktop/mobile-app/index.js": {"path":"/Users/kryst/Desktop/mobile-app/index.js","statementMap":{},"fnMap":{},"branchMap":{},"s":{},"f":{},"b":{}}
,"/Users/kryst/Desktop/mobile-app/app/_layout.js": {"path":"/Users/kryst/Desktop/mobile-app/app/_layout.js","statementMap":{"0":{"start":{"line":5,"column":15},"end":{"line":13,"column":1}},"1":{"start":{"line":6,"column":2},"end":{"line":12,"column":4}}},"fnMap":{"0":{"name":"(anonymous_0)","decl":{"start":{"line":5,"column":15},"end":{"line":5,"column":16}},"loc":{"start":{"line":5,"column":21},"end":{"line":13,"column":1}},"line":5}},"branchMap":{},"s":{"0":0,"1":0},"f":{"0":0},"b":{}}
,"/Users/kryst/Desktop/mobile-app/app/index.js": {"path":"/Users/kryst/Desktop/mobile-app/app/index.js","statementMap":{"0":{"start":{"line":8,"column":12},"end":{"line":36,"column":1}},"1":{"start":{"line":9,"column":19},"end":{"line":9,"column":32}},"2":{"start":{"line":10,"column":17},"end":{"line":10,"column":28}},"3":{"start":{"line":12,"column":19},"end":{"line":25,"column":3}},"4":{"start":{"line":13,"column":4},"end":{"line":24,"column":5}},"5":{"start":{"line":14,"column":20},"end":{"line":14,"column":59}},"6":{"start":{"line":16,"column":6},"end":{"line":21,"column":7}},"7":{"start":{"line":17,"column":8},"end":{"line":17,"column":27}},"8":{"start":{"line":18,"column":8},"end":{"line":18,"column":32}},"9":{"start":{"line":20,"column":8},"end":{"line":20,"column":33}},"10":{"start":{"line":23,"column":6},"end":{"line":23,"column":25}},"11":{"start":{"line":27,"column":2},"end":{"line":29,"column":9}},"12":{"start":{"line":28,"column":4},"end":{"line":28,"column":15}},"13":{"start":{"line":31,"column":2},"end":{"line":35,"column":4}}},"fnMap":{"0":{"name":"(anonymous_0)","decl":{"start":{"line":8,"column":12},"end":{"line":8,"column":13}},"loc":{"start":{"line":8,"column":18},"end":{"line":36,"column":1}},"line":8},"1":{"name":"(anonymous_1)","decl":{"start":{"line":12,"column":19},"end":{"line":12,"column":20}},"loc":{"start":{"line":12,"column":31},"end":{"line":25,"column":3}},"line":12},"2":{"name":"(anonymous_2)","decl":{"start":{"line":27,"column":12},"end":{"line":27,"column":13}},"loc":{"start":{"line":27,"column":18},"end":{"line":29,"column":3}},"line":27}},"branchMap":{"0":{"loc":{"start":{"line":16,"column":6},"end":{"line":21,"column":7}},"type":"if","locations":[{"start":{"line":16,"column":6},"end":{"line":21,"column":7}},{"start":{"line":19,"column":13},"end":{"line":21,"column":7}}],"line":16}},"s":{"0":0,"1":0,"2":0,"3":0,"4":0,"5":0,"6":0,"7":0,"8":0,"9":0,"10":0,"11":0,"12":0,"13":0},"f":{"0":0,"1":0,"2":0},"b":{"0":[0,0]}}
,"/Users/kryst/Desktop/mobile-app/app/login.js": {"path":"/Users/kryst/Desktop/mobile-app/app/login.js","statementMap":{"0":{"start":{"line":11,"column":14},"end":{"line":90,"column":1}},"1":{"start":{"line":12,"column":21},"end":{"line":12,"column":34}},"2":{"start":{"line":13,"column":32},"end":{"line":13,"column":66}},"3":{"start":{"line":13,"column":55},"end":{"line":13,"column":65}},"4":{"start":{"line":14,"column":28},"end":{"line":14,"column":52}},"5":{"start":{"line":15,"column":19},"end":{"line":15,"column":30}},"6":{"start":{"line":18,"column":33},"end":{"line":18,"column":45}},"7":{"start":{"line":19,"column":35},"end":{"line":19,"column":47}},"8":{"start":{"line":21,"column":22},"end":{"line":29,"column":3}},"9":{"start":{"line":22,"column":4},"end":{"line":28,"column":5}},"10":{"start":{"line":23,"column":6},"end":{"line":23,"column":48}},"11":{"start":{"line":24,"column":6},"end":{"line":24,"column":24}},"12":{"start":{"line":25,"column":6},"end":{"line":25,"column":30}},"13":{"start":{"line":27,"column":6},"end":{"line":27,"column":39}},"14":{"start":{"line":31,"column":18},"end":{"line":43,"column":3}},"15":{"start":{"line":33,"column":4},"end":{"line":42,"column":5}},"16":{"start":{"line":34,"column":20},"end":{"line":34,"column":59}},"17":{"start":{"line":35,"column":6},"end":{"line":38,"column":7}},"18":{"start":{"line":36,"column":8},"end":{"line":36,"column":27}},"19":{"start":{"line":37,"column":8},"end":{"line":37,"column":32}},"20":{"start":{"line":40,"column":6},"end":{"line":40,"column":25}},"21":{"start":{"line":45,"column":2},"end":{"line":50,"column":24}},"22":{"start":{"line":47,"column":3},"end":{"line":47,"column":12}},"23":{"start":{"line":53,"column":2},"end":{"line":89,"column":4}}},"fnMap":{"0":{"name":"(anonymous_0)","decl":{"start":{"line":11,"column":14},"end":{"line":11,"column":15}},"loc":{"start":{"line":11,"column":20},"end":{"line":90,"column":1}},"line":11},"1":{"name":"(anonymous_1)","decl":{"start":{"line":13,"column":44},"end":{"line":13,"column":45}},"loc":{"start":{"line":13,"column":55},"end":{"line":13,"column":65}},"line":13},"2":{"name":"(anonymous_2)","decl":{"start":{"line":21,"column":22},"end":{"line":21,"column":23}},"loc":{"start":{"line":21,"column":28},"end":{"line":29,"column":3}},"line":21},"3":{"name":"(anonymous_3)","decl":{"start":{"line":31,"column":18},"end":{"line":31,"column":19}},"loc":{"start":{"line":31,"column":30},"end":{"line":43,"column":3}},"line":31},"4":{"name":"(anonymous_4)","decl":{"start":{"line":45,"column":12},"end":{"line":45,"column":13}},"loc":{"start":{"line":45,"column":18},"end":{"line":50,"column":3}},"line":45}},"branchMap":{"0":{"loc":{"start":{"line":22,"column":4},"end":{"line":28,"column":5}},"type":"if","locations":[{"start":{"line":22,"column":4},"end":{"line":28,"column":5}},{"start":{"line":26,"column":11},"end":{"line":28,"column":5}}],"line":22},"1":{"loc":{"start":{"line":22,"column":8},"end":{"line":22,"column":49}},"type":"binary-expr","locations":[{"start":{"line":22,"column":8},"end":{"line":22,"column":25}},{"start":{"line":22,"column":29},"end":{"line":22,"column":49}}],"line":22},"2":{"loc":{"start":{"line":35,"column":6},"end":{"line":38,"column":7}},"type":"if","locations":[{"start":{"line":35,"column":6},"end":{"line":38,"column":7}},{"start":{},"end":{}}],"line":35}},"s":{"0":1,"1":2,"2":0,"3":0,"4":0,"5":0,"6":0,"7":0,"8":0,"9":0,"10":0,"11":0,"12":0,"13":0,"14":0,"15":0,"16":0,"17":0,"18":0,"19":0,"20":0,"21":0,"22":0,"23":0},"f":{"0":2,"1":0,"2":0,"3":0,"4":0},"b":{"0":[0,0],"1":[0,0],"2":[0,0]},"_coverageSchema":"1a1c01bbd47fc00a2c39e90264f33305004495a9","hash":"8ac86d1922ff8ba0bb5fc020a88f22e0b3f7d653"}
,"/Users/kryst/Desktop/mobile-app/components/CustomButton/CustomButton.js": {"path":"/Users/kryst/Desktop/mobile-app/components/CustomButton/CustomButton.js","statementMap":{"0":{"start":{"line":5,"column":38},"end":{"line":5,"column":43}},"1":{"start":{"line":6,"column":2},"end":{"line":10,"column":4}},"2":{"start":{"line":8,"column":36},"end":{"line":8,"column":101}},"3":{"start":{"line":13,"column":15},"end":{"line":33,"column":2}}},"fnMap":{"0":{"name":"CustomButton","decl":{"start":{"line":4,"column":24},"end":{"line":4,"column":36}},"loc":{"start":{"line":4,"column":44},"end":{"line":11,"column":1}},"line":4},"1":{"name":"(anonymous_1)","decl":{"start":{"line":8,"column":19},"end":{"line":8,"column":20}},"loc":{"start":{"line":8,"column":36},"end":{"line":8,"column":101}},"line":8}},"branchMap":{"0":{"loc":{"start":{"line":5,"column":19},"end":{"line":5,"column":33}},"type":"default-arg","locations":[{"start":{"line":5,"column":27},"end":{"line":5,"column":33}}],"line":5},"1":{"loc":{"start":{"line":8,"column":56},"end":{"line":8,"column":82}},"type":"cond-expr","locations":[{"start":{"line":8,"column":66},"end":{"line":8,"column":72}},{"start":{"line":8,"column":75},"end":{"line":8,"column":82}}],"line":8}},"s":{"0":0,"1":0,"2":0,"3":0},"f":{"0":0,"1":0},"b":{"0":[0],"1":[0,0]}}
,"/Users/kryst/Desktop/mobile-app/components/CustomInput/CustomInput.js": {"path":"/Users/kryst/Desktop/mobile-app/components/CustomInput/CustomInput.js","statementMap":{"0":{"start":{"line":4,"column":20},"end":{"line":21,"column":1}},"1":{"start":{"line":7,"column":2},"end":{"line":20,"column":3}},"2":{"start":{"line":23,"column":15},"end":{"line":52,"column":2}}},"fnMap":{"0":{"name":"(anonymous_0)","decl":{"start":{"line":4,"column":20},"end":{"line":4,"column":21}},"loc":{"start":{"line":4,"column":90},"end":{"line":21,"column":1}},"line":4}},"branchMap":{},"s":{"0":1,"1":0,"2":1},"f":{"0":0},"b":{},"_coverageSchema":"1a1c01bbd47fc00a2c39e90264f33305004495a9","hash":"52b2a66f4decb01b2bd21b0d755b791a2c231855"}
,"/Users/kryst/Desktop/mobile-app/components/DrinkPopup/DrinkPopup.js": {"path":"/Users/kryst/Desktop/mobile-app/components/DrinkPopup/DrinkPopup.js","statementMap":{"0":{"start":{"line":16,"column":19},"end":{"line":66,"column":1}},"1":{"start":{"line":17,"column":2},"end":{"line":65,"column":4}},"2":{"start":{"line":25,"column":18},"end":{"line":25,"column":49}},"3":{"start":{"line":53,"column":16},"end":{"line":56,"column":23}},"4":{"start":{"line":68,"column":15},"end":{"line":112,"column":2}}},"fnMap":{"0":{"name":"(anonymous_0)","decl":{"start":{"line":16,"column":19},"end":{"line":16,"column":20}},"loc":{"start":{"line":16,"column":65},"end":{"line":66,"column":1}},"line":16},"1":{"name":"(anonymous_1)","decl":{"start":{"line":24,"column":25},"end":{"line":24,"column":26}},"loc":{"start":{"line":24,"column":31},"end":{"line":26,"column":17}},"line":24},"2":{"name":"(anonymous_2)","decl":{"start":{"line":52,"column":37},"end":{"line":52,"column":38}},"loc":{"start":{"line":53,"column":16},"end":{"line":56,"column":23}},"line":53}},"branchMap":{"0":{"loc":{"start":{"line":19,"column":7},"end":{"line":63,"column":7}},"type":"binary-expr","locations":[{"start":{"line":19,"column":7},"end":{"line":19,"column":19}},{"start":{"line":19,"column":23},"end":{"line":19,"column":28}},{"start":{"line":20,"column":8},"end":{"line":62,"column":23}}],"line":19}},"s":{"0":0,"1":0,"2":0,"3":0,"4":0},"f":{"0":0,"1":0,"2":0},"b":{"0":[0,0,0]}}
,"/Users/kryst/Desktop/mobile-app/components/IngredientList/IngredientList.js": {"path":"/Users/kryst/Desktop/mobile-app/components/IngredientList/IngredientList.js","statementMap":{"0":{"start":{"line":14,"column":30},"end":{"line":59,"column":1}},"1":{"start":{"line":15,"column":42},"end":{"line":15,"column":57}},"2":{"start":{"line":17,"column":17},"end":{"line":17,"column":41}},"3":{"start":{"line":19,"column":2},"end":{"line":58,"column":4}},"4":{"start":{"line":24,"column":10},"end":{"line":52,"column":29}},"5":{"start":{"line":38,"column":14},"end":{"line":41,"column":17}},"6":{"start":{"line":54,"column":32},"end":{"line":54,"column":36}}},"fnMap":{"0":{"name":"(anonymous_0)","decl":{"start":{"line":14,"column":30},"end":{"line":14,"column":31}},"loc":{"start":{"line":14,"column":67},"end":{"line":59,"column":1}},"line":14},"1":{"name":"(anonymous_1)","decl":{"start":{"line":23,"column":20},"end":{"line":23,"column":21}},"loc":{"start":{"line":24,"column":10},"end":{"line":52,"column":29}},"line":24},"2":{"name":"(anonymous_2)","decl":{"start":{"line":37,"column":21},"end":{"line":37,"column":22}},"loc":{"start":{"line":37,"column":27},"end":{"line":42,"column":13}},"line":37},"3":{"name":"(anonymous_3)","decl":{"start":{"line":54,"column":22},"end":{"line":54,"column":23}},"loc":{"start":{"line":54,"column":32},"end":{"line":54,"column":36}},"line":54}},"branchMap":{"0":{"loc":{"start":{"line":33,"column":27},"end":{"line":35,"column":42}},"type":"cond-expr","locations":[{"start":{"line":34,"column":18},"end":{"line":34,"column":27}},{"start":{"line":35,"column":18},"end":{"line":35,"column":42}}],"line":33},"1":{"loc":{"start":{"line":46,"column":23},"end":{"line":46,"column":66}},"type":"cond-expr","locations":[{"start":{"line":46,"column":48},"end":{"line":46,"column":57}},{"start":{"line":46,"column":60},"end":{"line":46,"column":66}}],"line":46}},"s":{"0":0,"1":0,"2":0,"3":0,"4":0,"5":0,"6":0},"f":{"0":0,"1":0,"2":0,"3":0},"b":{"0":[0,0],"1":[0,0]}}
,"/Users/kryst/Desktop/mobile-app/components/MenuButton/MenuButton.js": {"path":"/Users/kryst/Desktop/mobile-app/components/MenuButton/MenuButton.js","statementMap":{"0":{"start":{"line":4,"column":26},"end":{"line":8,"column":1}},"1":{"start":{"line":5,"column":2},"end":{"line":7,"column":3}}},"fnMap":{"0":{"name":"(anonymous_0)","decl":{"start":{"line":4,"column":26},"end":{"line":4,"column":27}},"loc":{"start":{"line":4,"column":32},"end":{"line":8,"column":1}},"line":4}},"branchMap":{},"s":{"0":0,"1":0},"f":{"0":0},"b":{}}
,"/Users/kryst/Desktop/mobile-app/components/NameInput/NameInput.js": {"path":"/Users/kryst/Desktop/mobile-app/components/NameInput/NameInput.js","statementMap":{"0":{"start":{"line":3,"column":25},"end":{"line":22,"column":1}},"1":{"start":{"line":4,"column":2},"end":{"line":21,"column":4}}},"fnMap":{"0":{"name":"(anonymous_0)","decl":{"start":{"line":3,"column":25},"end":{"line":3,"column":26}},"loc":{"start":{"line":3,"column":60},"end":{"line":22,"column":1}},"line":3}},"branchMap":{},"s":{"0":0,"1":0},"f":{"0":0},"b":{}}
,"/Users/kryst/Desktop/mobile-app/components/ProfileButton/ProfileButton.js": {"path":"/Users/kryst/Desktop/mobile-app/components/ProfileButton/ProfileButton.js","statementMap":{"0":{"start":{"line":4,"column":29},"end":{"line":11,"column":1}},"1":{"start":{"line":5,"column":2},"end":{"line":10,"column":3}}},"fnMap":{"0":{"name":"(anonymous_0)","decl":{"start":{"line":4,"column":29},"end":{"line":4,"column":30}},"loc":{"start":{"line":4,"column":35},"end":{"line":11,"column":1}},"line":4}},"branchMap":{},"s":{"0":0,"1":0},"f":{"0":0},"b":{}}
,"/Users/kryst/Desktop/mobile-app/components/ReciptList/ReciptList.js": {"path":"/Users/kryst/Desktop/mobile-app/components/ReciptList/ReciptList.js","statementMap":{"0":{"start":{"line":12,"column":19},"end":{"line":59,"column":1}},"1":{"start":{"line":13,"column":2},"end":{"line":58,"column":4}},"2":{"start":{"line":19,"column":12},"end":{"line":49,"column":31}},"3":{"start":{"line":32,"column":16},"end":{"line":32,"column":31}},"4":{"start":{"line":33,"column":16},"end":{"line":33,"column":38}},"5":{"start":{"line":51,"column":41},"end":{"line":51,"column":58}}},"fnMap":{"0":{"name":"(anonymous_0)","decl":{"start":{"line":12,"column":19},"end":{"line":12,"column":20}},"loc":{"start":{"line":12,"column":60},"end":{"line":59,"column":1}},"line":12},"1":{"name":"(anonymous_1)","decl":{"start":{"line":18,"column":22},"end":{"line":18,"column":23}},"loc":{"start":{"line":19,"column":12},"end":{"line":49,"column":31}},"line":19},"2":{"name":"(anonymous_2)","decl":{"start":{"line":31,"column":23},"end":{"line":31,"column":24}},"loc":{"start":{"line":31,"column":29},"end":{"line":34,"column":15}},"line":31},"3":{"name":"(anonymous_3)","decl":{"start":{"line":51,"column":24},"end":{"line":51,"column":25}},"loc":{"start":{"line":51,"column":41},"end":{"line":51,"column":58}},"line":51}},"branchMap":{"0":{"loc":{"start":{"line":15,"column":7},"end":{"line":56,"column":7}},"type":"binary-expr","locations":[{"start":{"line":15,"column":7},"end":{"line":15,"column":11}},{"start":{"line":15,"column":15},"end":{"line":15,"column":32}},{"start":{"line":16,"column":8},"end":{"line":55,"column":10}}],"line":15}},"s":{"0":0,"1":0,"2":0,"3":0,"4":0,"5":0},"f":{"0":0,"1":0,"2":0,"3":0},"b":{"0":[0,0,0]}}
,"/Users/kryst/Desktop/mobile-app/hooks/useFetch.jsx": {"path":"/Users/kryst/Desktop/mobile-app/hooks/useFetch.jsx","statementMap":{"0":{"start":{"line":4,"column":17},"end":{"line":46,"column":1}},"1":{"start":{"line":5,"column":19},"end":{"line":5,"column":61}},"2":{"start":{"line":6,"column":28},"end":{"line":6,"column":38}},"3":{"start":{"line":7,"column":34},"end":{"line":7,"column":48}},"4":{"start":{"line":8,"column":30},"end":{"line":8,"column":45}},"5":{"start":{"line":11,"column":22},"end":{"line":41,"column":5}},"6":{"start":{"line":13,"column":24},"end":{"line":21,"column":8}},"7":{"start":{"line":23,"column":8},"end":{"line":23,"column":25}},"8":{"start":{"line":24,"column":8},"end":{"line":24,"column":24}},"9":{"start":{"line":26,"column":8},"end":{"line":39,"column":9}},"10":{"start":{"line":27,"column":29},"end":{"line":27,"column":57}},"11":{"start":{"line":29,"column":12},"end":{"line":29,"column":78}},"12":{"start":{"line":29,"column":43},"end":{"line":29,"column":78}},"13":{"start":{"line":31,"column":12},"end":{"line":31,"column":35}},"14":{"start":{"line":34,"column":12},"end":{"line":34,"column":27}},"15":{"start":{"line":35,"column":12},"end":{"line":35,"column":24}},"16":{"start":{"line":38,"column":12},"end":{"line":38,"column":30}},"17":{"start":{"line":44,"column":4},"end":{"line":44,"column":47}}},"fnMap":{"0":{"name":"(anonymous_0)","decl":{"start":{"line":4,"column":17},"end":{"line":4,"column":18}},"loc":{"start":{"line":4,"column":23},"end":{"line":46,"column":1}},"line":4},"1":{"name":"(anonymous_1)","decl":{"start":{"line":11,"column":22},"end":{"line":11,"column":23}},"loc":{"start":{"line":11,"column":40},"end":{"line":41,"column":5}},"line":11}},"branchMap":{"0":{"loc":{"start":{"line":29,"column":12},"end":{"line":29,"column":78}},"type":"if","locations":[{"start":{"line":29,"column":12},"end":{"line":29,"column":78}},{"start":{},"end":{}}],"line":29}},"s":{"0":0,"1":0,"2":0,"3":0,"4":0,"5":0,"6":0,"7":0,"8":0,"9":0,"10":0,"11":0,"12":0,"13":0,"14":0,"15":0,"16":0,"17":0},"f":{"0":0,"1":0},"b":{"0":[0,0]},"inputSourceMap":null}
,"/Users/kryst/Desktop/mobile-app/store/store.js": {"path":"/Users/kryst/Desktop/mobile-app/store/store.js","statementMap":{"0":{"start":{"line":4,"column":21},"end":{"line":8,"column":2}}},"fnMap":{},"branchMap":{},"s":{"0":0},"f":{},"b":{}}
,"/Users/kryst/Desktop/mobile-app/store/authSlices/authSlice.js": {"path":"/Users/kryst/Desktop/mobile-app/store/authSlices/authSlice.js","statementMap":{"0":{"start":{"line":3,"column":21},"end":{"line":7,"column":1}},"1":{"start":{"line":9,"column":25},"end":{"line":18,"column":2}},"2":{"start":{"line":14,"column":10},"end":{"line":14,"column":30}},"3":{"start":{"line":15,"column":10},"end":{"line":15,"column":35}},"4":{"start":{"line":21,"column":26},"end":{"line":21,"column":43}}},"fnMap":{"0":{"name":"(anonymous_0)","decl":{"start":{"line":13,"column":16},"end":{"line":13,"column":17}},"loc":{"start":{"line":13,"column":27},"end":{"line":16,"column":9}},"line":13}},"branchMap":{},"s":{"0":1,"1":1,"2":0,"3":0,"4":1},"f":{"0":0},"b":{},"_coverageSchema":"1a1c01bbd47fc00a2c39e90264f33305004495a9","hash":"f5abbd1146886239633de00e2f5385aa5e0a71fc"}
}
